[2024-04-22 12:45:09,841][pytorch_lightning.utilities.migration.utils][INFO] - Lightning automatically upgraded your loaded checkpoint from v1.8.1 to v2.2.2. To apply the upgrade to your files permanently, run `python -m pytorch_lightning.utilities.upgrade_checkpoint C:\Users\carlo\.cache\4DHumans\logs\train\multiruns\hmr2\0\checkpoints\epoch=35-step=1000000.ckpt`
[2024-04-22 12:45:15,484][phalp.trackers.PHALP][INFO] - Loading Predictor model...
[2024-04-22 12:45:15,992][phalp.trackers.PHALP][INFO] - Loading Detection model...
[2024-04-22 12:45:24,856][detectron2.checkpoint.detection_checkpoint][INFO] - [DetectionCheckpointer] Loading from https://dl.fbaipublicfiles.com/detectron2/ViTDet/COCO/cascade_mask_rcnn_vitdet_h/f328730692/model_final_f05665.pkl ...
[2024-04-22 12:45:28,808][detectron2.checkpoint.detection_checkpoint][INFO] - [DetectionCheckpointer] Loading from https://dl.fbaipublicfiles.com/detectron2/COCO-InstanceSegmentation/mask_rcnn_X_101_32x8d_FPN_3x/139653917/model_final_2d9806.pkl ...
[2024-04-22 12:45:29,058][phalp.trackers.PHALP][INFO] - Setting up Visualizer...
[2024-04-22 12:45:30,002][phalp.trackers.PHALP][INFO] - Setting up DeepSort...
[2024-04-22 12:45:30,005][phalp.trackers.PHALP][INFO] - Saving tracks at : outputs//results/poses_teste
[2024-04-22 13:28:36,998][pytorch_lightning.utilities.migration.utils][INFO] - Lightning automatically upgraded your loaded checkpoint from v1.8.1 to v2.2.2. To apply the upgrade to your files permanently, run `python -m pytorch_lightning.utilities.upgrade_checkpoint C:\Users\carlo\.cache\4DHumans\logs\train\multiruns\hmr2\0\checkpoints\epoch=35-step=1000000.ckpt`
[2024-04-22 13:28:42,121][phalp.trackers.PHALP][INFO] - Loading Predictor model...
[2024-04-22 13:28:42,603][phalp.trackers.PHALP][INFO] - Loading Detection model...
[2024-04-22 13:28:51,456][detectron2.checkpoint.detection_checkpoint][INFO] - [DetectionCheckpointer] Loading from https://dl.fbaipublicfiles.com/detectron2/ViTDet/COCO/cascade_mask_rcnn_vitdet_h/f328730692/model_final_f05665.pkl ...
[2024-04-22 13:28:54,957][detectron2.checkpoint.detection_checkpoint][INFO] - [DetectionCheckpointer] Loading from https://dl.fbaipublicfiles.com/detectron2/COCO-InstanceSegmentation/mask_rcnn_X_101_32x8d_FPN_3x/139653917/model_final_2d9806.pkl ...
[2024-04-22 13:28:55,220][phalp.trackers.PHALP][INFO] - Setting up Visualizer...
[2024-04-22 13:31:57,882][phalp.trackers.PHALP][INFO] - Setting up DeepSort...
[2024-04-22 13:32:24,954][phalp.trackers.PHALP][INFO] - Saving tracks at : outputs//results/poses_teste
[2024-04-22 13:35:19,504][pytorch_lightning.utilities.migration.utils][INFO] - Lightning automatically upgraded your loaded checkpoint from v1.8.1 to v2.2.2. To apply the upgrade to your files permanently, run `python -m pytorch_lightning.utilities.upgrade_checkpoint C:\Users\carlo\.cache\4DHumans\logs\train\multiruns\hmr2\0\checkpoints\epoch=35-step=1000000.ckpt`
[2024-04-22 13:35:24,473][phalp.trackers.PHALP][INFO] - Loading Predictor model...
[2024-04-22 13:35:24,900][phalp.trackers.PHALP][INFO] - Loading Detection model...
[2024-04-22 13:35:33,036][detectron2.checkpoint.detection_checkpoint][INFO] - [DetectionCheckpointer] Loading from https://dl.fbaipublicfiles.com/detectron2/ViTDet/COCO/cascade_mask_rcnn_vitdet_h/f328730692/model_final_f05665.pkl ...
[2024-04-22 13:35:36,685][detectron2.checkpoint.detection_checkpoint][INFO] - [DetectionCheckpointer] Loading from https://dl.fbaipublicfiles.com/detectron2/COCO-InstanceSegmentation/mask_rcnn_X_101_32x8d_FPN_3x/139653917/model_final_2d9806.pkl ...
[2024-04-22 13:35:36,966][phalp.trackers.PHALP][INFO] - Setting up Visualizer...
[2024-04-22 13:35:40,284][phalp.trackers.PHALP][INFO] - Setting up DeepSort...
[2024-04-22 13:35:40,287][phalp.trackers.PHALP][INFO] - Saving tracks at : outputs//results/poses_teste
[2024-04-22 13:53:26,415][pytorch_lightning.utilities.migration.utils][INFO] - Lightning automatically upgraded your loaded checkpoint from v1.8.1 to v2.2.2. To apply the upgrade to your files permanently, run `python -m pytorch_lightning.utilities.upgrade_checkpoint C:\Users\carlo\.cache\4DHumans\logs\train\multiruns\hmr2\0\checkpoints\epoch=35-step=1000000.ckpt`
[2024-04-22 13:53:31,208][phalp.trackers.PHALP][INFO] - Loading Predictor model...
[2024-04-22 13:53:31,643][phalp.trackers.PHALP][INFO] - Loading Detection model...
[2024-04-22 13:53:39,953][detectron2.checkpoint.detection_checkpoint][INFO] - [DetectionCheckpointer] Loading from https://dl.fbaipublicfiles.com/detectron2/ViTDet/COCO/cascade_mask_rcnn_vitdet_h/f328730692/model_final_f05665.pkl ...
[2024-04-22 13:53:43,530][detectron2.checkpoint.detection_checkpoint][INFO] - [DetectionCheckpointer] Loading from https://dl.fbaipublicfiles.com/detectron2/COCO-InstanceSegmentation/mask_rcnn_X_101_32x8d_FPN_3x/139653917/model_final_2d9806.pkl ...
[2024-04-22 13:53:43,796][phalp.trackers.PHALP][INFO] - Setting up Visualizer...
[2024-04-22 13:53:44,768][phalp.trackers.PHALP][INFO] - Setting up DeepSort...
[2024-04-22 13:53:44,770][phalp.trackers.PHALP][INFO] - Saving tracks at : outputs//results/poses_teste
[2024-04-22 13:55:58,618][pytorch_lightning.utilities.migration.utils][INFO] - Lightning automatically upgraded your loaded checkpoint from v1.8.1 to v2.2.2. To apply the upgrade to your files permanently, run `python -m pytorch_lightning.utilities.upgrade_checkpoint C:\Users\carlo\.cache\4DHumans\logs\train\multiruns\hmr2\0\checkpoints\epoch=35-step=1000000.ckpt`
[2024-04-22 13:56:03,181][phalp.trackers.PHALP][INFO] - Loading Predictor model...
[2024-04-22 13:56:03,628][phalp.trackers.PHALP][INFO] - Loading Detection model...
[2024-04-22 13:56:11,913][detectron2.checkpoint.detection_checkpoint][INFO] - [DetectionCheckpointer] Loading from https://dl.fbaipublicfiles.com/detectron2/ViTDet/COCO/cascade_mask_rcnn_vitdet_h/f328730692/model_final_f05665.pkl ...
[2024-04-22 13:56:15,433][detectron2.checkpoint.detection_checkpoint][INFO] - [DetectionCheckpointer] Loading from https://dl.fbaipublicfiles.com/detectron2/COCO-InstanceSegmentation/mask_rcnn_X_101_32x8d_FPN_3x/139653917/model_final_2d9806.pkl ...
[2024-04-22 13:56:15,685][phalp.trackers.PHALP][INFO] - Setting up Visualizer...
[2024-04-22 13:56:16,689][phalp.utils.io][INFO] - Number of frames: 93
[2024-04-22 13:56:19,495][phalp.trackers.PHALP][INFO] - Setting up DeepSort...
[2024-04-22 13:56:19,497][phalp.trackers.PHALP][INFO] - Saving tracks at : outputs//results/sexy_and_deadly_60fps_sttting_1
[2024-04-22 15:16:21,289][pytorch_lightning.utilities.migration.utils][INFO] - Lightning automatically upgraded your loaded checkpoint from v1.8.1 to v2.2.2. To apply the upgrade to your files permanently, run `python -m pytorch_lightning.utilities.upgrade_checkpoint C:\Users\carlo\.cache\4DHumans\logs\train\multiruns\hmr2\0\checkpoints\epoch=35-step=1000000.ckpt`
[2024-04-22 15:16:26,206][phalp.trackers.PHALP][INFO] - Loading Predictor model...
[2024-04-22 15:16:26,634][phalp.trackers.PHALP][INFO] - Loading Detection model...
[2024-04-22 15:16:34,829][detectron2.checkpoint.detection_checkpoint][INFO] - [DetectionCheckpointer] Loading from https://dl.fbaipublicfiles.com/detectron2/ViTDet/COCO/cascade_mask_rcnn_vitdet_h/f328730692/model_final_f05665.pkl ...
[2024-04-22 15:16:38,333][detectron2.checkpoint.detection_checkpoint][INFO] - [DetectionCheckpointer] Loading from https://dl.fbaipublicfiles.com/detectron2/COCO-InstanceSegmentation/mask_rcnn_X_101_32x8d_FPN_3x/139653917/model_final_2d9806.pkl ...
[2024-04-22 15:16:38,596][phalp.trackers.PHALP][INFO] - Setting up Visualizer...
[2024-04-22 15:16:39,591][phalp.utils.io][INFO] - Number of frames: 93
[2024-04-22 15:16:40,134][phalp.trackers.PHALP][INFO] - Setting up DeepSort...
[2024-04-22 15:16:40,136][phalp.trackers.PHALP][INFO] - Saving tracks at : outputs//results/sexy_and_deadly_60fps_sttting_1
[2024-04-22 15:22:31,409][pytorch_lightning.utilities.migration.utils][INFO] - Lightning automatically upgraded your loaded checkpoint from v1.8.1 to v2.2.2. To apply the upgrade to your files permanently, run `python -m pytorch_lightning.utilities.upgrade_checkpoint C:\Users\carlo\.cache\4DHumans\logs\train\multiruns\hmr2\0\checkpoints\epoch=35-step=1000000.ckpt`
[2024-04-22 15:22:36,250][phalp.trackers.PHALP][INFO] - Loading Predictor model...
[2024-04-22 15:22:36,668][phalp.trackers.PHALP][INFO] - Loading Detection model...
[2024-04-22 15:22:44,736][detectron2.checkpoint.detection_checkpoint][INFO] - [DetectionCheckpointer] Loading from https://dl.fbaipublicfiles.com/detectron2/ViTDet/COCO/cascade_mask_rcnn_vitdet_h/f328730692/model_final_f05665.pkl ...
[2024-04-22 15:22:48,245][detectron2.checkpoint.detection_checkpoint][INFO] - [DetectionCheckpointer] Loading from https://dl.fbaipublicfiles.com/detectron2/COCO-InstanceSegmentation/mask_rcnn_X_101_32x8d_FPN_3x/139653917/model_final_2d9806.pkl ...
[2024-04-22 15:22:48,512][phalp.trackers.PHALP][INFO] - Setting up Visualizer...
[2024-04-22 15:23:12,144][phalp.utils.io][INFO] - Number of frames: 93
[2024-04-22 15:23:12,687][phalp.trackers.PHALP][INFO] - Setting up DeepSort...
[2024-04-22 15:23:12,693][phalp.trackers.PHALP][INFO] - Saving tracks at : outputs//results/sexy_and_deadly_60fps_sttting_1
[2024-04-22 15:23:56,797][pytorch_lightning.utilities.migration.utils][INFO] - Lightning automatically upgraded your loaded checkpoint from v1.8.1 to v2.2.2. To apply the upgrade to your files permanently, run `python -m pytorch_lightning.utilities.upgrade_checkpoint C:\Users\carlo\.cache\4DHumans\logs\train\multiruns\hmr2\0\checkpoints\epoch=35-step=1000000.ckpt`
[2024-04-22 15:24:01,460][phalp.trackers.PHALP][INFO] - Loading Predictor model...
[2024-04-22 15:24:01,923][phalp.trackers.PHALP][INFO] - Loading Detection model...
[2024-04-22 15:24:09,868][detectron2.checkpoint.detection_checkpoint][INFO] - [DetectionCheckpointer] Loading from https://dl.fbaipublicfiles.com/detectron2/ViTDet/COCO/cascade_mask_rcnn_vitdet_h/f328730692/model_final_f05665.pkl ...
[2024-04-22 15:24:13,303][detectron2.checkpoint.detection_checkpoint][INFO] - [DetectionCheckpointer] Loading from https://dl.fbaipublicfiles.com/detectron2/COCO-InstanceSegmentation/mask_rcnn_X_101_32x8d_FPN_3x/139653917/model_final_2d9806.pkl ...
[2024-04-22 15:24:13,553][phalp.trackers.PHALP][INFO] - Setting up Visualizer...
[2024-04-22 15:24:32,646][phalp.utils.io][INFO] - Number of frames: 93
[2024-04-22 15:25:54,966][pytorch_lightning.utilities.migration.utils][INFO] - Lightning automatically upgraded your loaded checkpoint from v1.8.1 to v2.2.2. To apply the upgrade to your files permanently, run `python -m pytorch_lightning.utilities.upgrade_checkpoint C:\Users\carlo\.cache\4DHumans\logs\train\multiruns\hmr2\0\checkpoints\epoch=35-step=1000000.ckpt`
[2024-04-22 15:25:59,677][phalp.trackers.PHALP][INFO] - Loading Predictor model...
[2024-04-22 15:26:00,103][phalp.trackers.PHALP][INFO] - Loading Detection model...
[2024-04-22 15:26:07,869][detectron2.checkpoint.detection_checkpoint][INFO] - [DetectionCheckpointer] Loading from https://dl.fbaipublicfiles.com/detectron2/ViTDet/COCO/cascade_mask_rcnn_vitdet_h/f328730692/model_final_f05665.pkl ...
[2024-04-22 15:26:11,217][detectron2.checkpoint.detection_checkpoint][INFO] - [DetectionCheckpointer] Loading from https://dl.fbaipublicfiles.com/detectron2/COCO-InstanceSegmentation/mask_rcnn_X_101_32x8d_FPN_3x/139653917/model_final_2d9806.pkl ...
[2024-04-22 15:26:11,492][phalp.trackers.PHALP][INFO] - Setting up Visualizer...
[2024-04-22 15:26:48,649][phalp.utils.io][INFO] - Number of frames: 93
[2024-04-22 15:27:45,731][phalp.trackers.PHALP][INFO] - Setting up DeepSort...
[2024-04-22 15:27:48,419][phalp.trackers.PHALP][INFO] - Saving tracks at : outputs//results/sexy_and_deadly_60fps_sttting_1
[2024-04-22 15:35:48,854][pytorch_lightning.utilities.migration.utils][INFO] - Lightning automatically upgraded your loaded checkpoint from v1.8.1 to v2.2.2. To apply the upgrade to your files permanently, run `python -m pytorch_lightning.utilities.upgrade_checkpoint C:\Users\carlo\.cache\4DHumans\logs\train\multiruns\hmr2\0\checkpoints\epoch=35-step=1000000.ckpt`
[2024-04-22 15:35:53,514][phalp.trackers.PHALP][INFO] - Loading Predictor model...
[2024-04-22 15:35:53,949][phalp.trackers.PHALP][INFO] - Loading Detection model...
[2024-04-22 15:36:02,124][detectron2.checkpoint.detection_checkpoint][INFO] - [DetectionCheckpointer] Loading from https://dl.fbaipublicfiles.com/detectron2/ViTDet/COCO/cascade_mask_rcnn_vitdet_h/f328730692/model_final_f05665.pkl ...
[2024-04-22 15:36:05,719][detectron2.checkpoint.detection_checkpoint][INFO] - [DetectionCheckpointer] Loading from https://dl.fbaipublicfiles.com/detectron2/COCO-InstanceSegmentation/mask_rcnn_X_101_32x8d_FPN_3x/139653917/model_final_2d9806.pkl ...
[2024-04-22 15:36:05,972][phalp.trackers.PHALP][INFO] - Setting up Visualizer...
[2024-04-22 15:36:13,297][phalp.utils.io][INFO] - Number of frames: 93
[2024-04-22 15:36:13,817][phalp.trackers.PHALP][INFO] - Setting up DeepSort...
[2024-04-22 15:36:13,820][phalp.trackers.PHALP][INFO] - Saving tracks at : outputs//results/sexy_and_deadly_60fps_sttting_1
[2024-04-22 15:44:36,567][pytorch_lightning.utilities.migration.utils][INFO] - Lightning automatically upgraded your loaded checkpoint from v1.8.1 to v2.2.2. To apply the upgrade to your files permanently, run `python -m pytorch_lightning.utilities.upgrade_checkpoint C:\Users\carlo\.cache\4DHumans\logs\train\multiruns\hmr2\0\checkpoints\epoch=35-step=1000000.ckpt`
[2024-04-22 15:44:41,341][phalp.trackers.PHALP][INFO] - Loading Predictor model...
[2024-04-22 15:44:41,781][phalp.trackers.PHALP][INFO] - Loading Detection model...
[2024-04-22 15:44:49,781][detectron2.checkpoint.detection_checkpoint][INFO] - [DetectionCheckpointer] Loading from https://dl.fbaipublicfiles.com/detectron2/ViTDet/COCO/cascade_mask_rcnn_vitdet_h/f328730692/model_final_f05665.pkl ...
[2024-04-22 15:44:53,226][detectron2.checkpoint.detection_checkpoint][INFO] - [DetectionCheckpointer] Loading from https://dl.fbaipublicfiles.com/detectron2/COCO-InstanceSegmentation/mask_rcnn_X_101_32x8d_FPN_3x/139653917/model_final_2d9806.pkl ...
[2024-04-22 15:44:53,490][phalp.trackers.PHALP][INFO] - Setting up Visualizer...
[2024-04-22 15:44:54,554][phalp.trackers.PHALP][INFO] - Setting up DeepSort...
[2024-04-22 15:44:54,557][phalp.trackers.PHALP][INFO] - Saving tracks at : outputs//results/poses_teste
[2024-04-22 15:49:02,202][pytorch_lightning.utilities.migration.utils][INFO] - Lightning automatically upgraded your loaded checkpoint from v1.8.1 to v2.2.2. To apply the upgrade to your files permanently, run `python -m pytorch_lightning.utilities.upgrade_checkpoint C:\Users\carlo\.cache\4DHumans\logs\train\multiruns\hmr2\0\checkpoints\epoch=35-step=1000000.ckpt`
[2024-04-22 15:49:06,872][phalp.trackers.PHALP][INFO] - Loading Predictor model...
[2024-04-22 15:49:07,325][phalp.trackers.PHALP][INFO] - Loading Detection model...
[2024-04-22 15:49:15,067][detectron2.checkpoint.detection_checkpoint][INFO] - [DetectionCheckpointer] Loading from https://dl.fbaipublicfiles.com/detectron2/ViTDet/COCO/cascade_mask_rcnn_vitdet_h/f328730692/model_final_f05665.pkl ...
[2024-04-22 15:49:18,509][detectron2.checkpoint.detection_checkpoint][INFO] - [DetectionCheckpointer] Loading from https://dl.fbaipublicfiles.com/detectron2/COCO-InstanceSegmentation/mask_rcnn_X_101_32x8d_FPN_3x/139653917/model_final_2d9806.pkl ...
[2024-04-22 15:49:18,767][phalp.trackers.PHALP][INFO] - Setting up Visualizer...
[2024-04-22 15:49:19,752][phalp.trackers.PHALP][INFO] - Setting up DeepSort...
[2024-04-22 15:49:19,754][phalp.trackers.PHALP][INFO] - Saving tracks at : outputs//results/poses_teste
[2024-04-22 15:51:46,053][pytorch_lightning.utilities.migration.utils][INFO] - Lightning automatically upgraded your loaded checkpoint from v1.8.1 to v2.2.2. To apply the upgrade to your files permanently, run `python -m pytorch_lightning.utilities.upgrade_checkpoint C:\Users\carlo\.cache\4DHumans\logs\train\multiruns\hmr2\0\checkpoints\epoch=35-step=1000000.ckpt`
[2024-04-22 15:51:50,671][phalp.trackers.PHALP][INFO] - Loading Predictor model...
[2024-04-22 15:51:51,138][phalp.trackers.PHALP][INFO] - Loading Detection model...
[2024-04-22 15:51:59,555][detectron2.checkpoint.detection_checkpoint][INFO] - [DetectionCheckpointer] Loading from https://dl.fbaipublicfiles.com/detectron2/ViTDet/COCO/cascade_mask_rcnn_vitdet_h/f328730692/model_final_f05665.pkl ...
[2024-04-22 15:52:02,930][detectron2.checkpoint.detection_checkpoint][INFO] - [DetectionCheckpointer] Loading from https://dl.fbaipublicfiles.com/detectron2/COCO-InstanceSegmentation/mask_rcnn_X_101_32x8d_FPN_3x/139653917/model_final_2d9806.pkl ...
[2024-04-22 15:52:03,179][phalp.trackers.PHALP][INFO] - Setting up Visualizer...
[2024-04-22 15:52:04,168][phalp.trackers.PHALP][INFO] - Setting up DeepSort...
[2024-04-22 15:52:04,171][phalp.trackers.PHALP][INFO] - Saving tracks at : outputs//results/poses_teste
[2024-04-22 15:53:22,676][pytorch_lightning.utilities.migration.utils][INFO] - Lightning automatically upgraded your loaded checkpoint from v1.8.1 to v2.2.2. To apply the upgrade to your files permanently, run `python -m pytorch_lightning.utilities.upgrade_checkpoint C:\Users\carlo\.cache\4DHumans\logs\train\multiruns\hmr2\0\checkpoints\epoch=35-step=1000000.ckpt`
[2024-04-22 15:53:27,251][phalp.trackers.PHALP][INFO] - Loading Predictor model...
[2024-04-22 15:53:27,698][phalp.trackers.PHALP][INFO] - Loading Detection model...
[2024-04-22 15:53:36,548][detectron2.checkpoint.detection_checkpoint][INFO] - [DetectionCheckpointer] Loading from https://dl.fbaipublicfiles.com/detectron2/ViTDet/COCO/cascade_mask_rcnn_vitdet_h/f328730692/model_final_f05665.pkl ...
[2024-04-22 15:53:40,378][detectron2.checkpoint.detection_checkpoint][INFO] - [DetectionCheckpointer] Loading from https://dl.fbaipublicfiles.com/detectron2/COCO-InstanceSegmentation/mask_rcnn_X_101_32x8d_FPN_3x/139653917/model_final_2d9806.pkl ...
[2024-04-22 15:53:40,657][phalp.trackers.PHALP][INFO] - Setting up Visualizer...
[2024-04-22 15:53:41,702][phalp.trackers.PHALP][INFO] - Setting up DeepSort...
[2024-04-22 15:53:41,704][phalp.trackers.PHALP][INFO] - Saving tracks at : outputs//results/poses_teste
[2024-04-22 15:55:54,749][pytorch_lightning.utilities.migration.utils][INFO] - Lightning automatically upgraded your loaded checkpoint from v1.8.1 to v2.2.2. To apply the upgrade to your files permanently, run `python -m pytorch_lightning.utilities.upgrade_checkpoint C:\Users\carlo\.cache\4DHumans\logs\train\multiruns\hmr2\0\checkpoints\epoch=35-step=1000000.ckpt`
[2024-04-22 15:55:59,349][phalp.trackers.PHALP][INFO] - Loading Predictor model...
[2024-04-22 15:55:59,772][phalp.trackers.PHALP][INFO] - Loading Detection model...
[2024-04-22 15:56:07,485][detectron2.checkpoint.detection_checkpoint][INFO] - [DetectionCheckpointer] Loading from https://dl.fbaipublicfiles.com/detectron2/ViTDet/COCO/cascade_mask_rcnn_vitdet_h/f328730692/model_final_f05665.pkl ...
[2024-04-22 15:56:11,029][detectron2.checkpoint.detection_checkpoint][INFO] - [DetectionCheckpointer] Loading from https://dl.fbaipublicfiles.com/detectron2/COCO-InstanceSegmentation/mask_rcnn_X_101_32x8d_FPN_3x/139653917/model_final_2d9806.pkl ...
[2024-04-22 15:56:11,285][phalp.trackers.PHALP][INFO] - Setting up Visualizer...
[2024-04-22 15:56:12,154][phalp.trackers.PHALP][INFO] - Setting up DeepSort...
[2024-04-22 15:56:12,157][phalp.trackers.PHALP][INFO] - Saving tracks at : outputs//results/poses_teste
[2024-04-22 15:56:58,405][pytorch_lightning.utilities.migration.utils][INFO] - Lightning automatically upgraded your loaded checkpoint from v1.8.1 to v2.2.2. To apply the upgrade to your files permanently, run `python -m pytorch_lightning.utilities.upgrade_checkpoint C:\Users\carlo\.cache\4DHumans\logs\train\multiruns\hmr2\0\checkpoints\epoch=35-step=1000000.ckpt`
[2024-04-22 15:57:03,021][phalp.trackers.PHALP][INFO] - Loading Predictor model...
[2024-04-22 15:57:03,453][phalp.trackers.PHALP][INFO] - Loading Detection model...
[2024-04-22 15:57:11,102][detectron2.checkpoint.detection_checkpoint][INFO] - [DetectionCheckpointer] Loading from https://dl.fbaipublicfiles.com/detectron2/ViTDet/COCO/cascade_mask_rcnn_vitdet_h/f328730692/model_final_f05665.pkl ...
[2024-04-22 15:57:14,639][detectron2.checkpoint.detection_checkpoint][INFO] - [DetectionCheckpointer] Loading from https://dl.fbaipublicfiles.com/detectron2/COCO-InstanceSegmentation/mask_rcnn_X_101_32x8d_FPN_3x/139653917/model_final_2d9806.pkl ...
[2024-04-22 15:57:14,897][phalp.trackers.PHALP][INFO] - Setting up Visualizer...
[2024-04-22 15:57:15,817][phalp.trackers.PHALP][INFO] - Setting up DeepSort...
[2024-04-22 15:57:15,820][phalp.trackers.PHALP][INFO] - Saving tracks at : outputs//results/poses_teste
[2024-04-22 15:58:08,698][pytorch_lightning.utilities.migration.utils][INFO] - Lightning automatically upgraded your loaded checkpoint from v1.8.1 to v2.2.2. To apply the upgrade to your files permanently, run `python -m pytorch_lightning.utilities.upgrade_checkpoint C:\Users\carlo\.cache\4DHumans\logs\train\multiruns\hmr2\0\checkpoints\epoch=35-step=1000000.ckpt`
[2024-04-22 15:58:13,467][phalp.trackers.PHALP][INFO] - Loading Predictor model...
[2024-04-22 15:58:13,951][phalp.trackers.PHALP][INFO] - Loading Detection model...
[2024-04-22 15:58:22,371][detectron2.checkpoint.detection_checkpoint][INFO] - [DetectionCheckpointer] Loading from https://dl.fbaipublicfiles.com/detectron2/ViTDet/COCO/cascade_mask_rcnn_vitdet_h/f328730692/model_final_f05665.pkl ...
[2024-04-22 15:58:26,008][detectron2.checkpoint.detection_checkpoint][INFO] - [DetectionCheckpointer] Loading from https://dl.fbaipublicfiles.com/detectron2/COCO-InstanceSegmentation/mask_rcnn_X_101_32x8d_FPN_3x/139653917/model_final_2d9806.pkl ...
[2024-04-22 15:58:26,333][phalp.trackers.PHALP][INFO] - Setting up Visualizer...
[2024-04-22 15:58:27,331][phalp.trackers.PHALP][INFO] - Setting up DeepSort...
[2024-04-22 15:58:27,333][phalp.trackers.PHALP][INFO] - Saving tracks at : outputs//results/poses_teste
[2024-04-22 16:02:45,590][pytorch_lightning.utilities.migration.utils][INFO] - Lightning automatically upgraded your loaded checkpoint from v1.8.1 to v2.2.2. To apply the upgrade to your files permanently, run `python -m pytorch_lightning.utilities.upgrade_checkpoint C:\Users\carlo\.cache\4DHumans\logs\train\multiruns\hmr2\0\checkpoints\epoch=35-step=1000000.ckpt`
[2024-04-22 16:02:50,333][phalp.trackers.PHALP][INFO] - Loading Predictor model...
[2024-04-22 16:02:50,817][phalp.trackers.PHALP][INFO] - Loading Detection model...
[2024-04-22 16:02:58,774][detectron2.checkpoint.detection_checkpoint][INFO] - [DetectionCheckpointer] Loading from https://dl.fbaipublicfiles.com/detectron2/ViTDet/COCO/cascade_mask_rcnn_vitdet_h/f328730692/model_final_f05665.pkl ...
[2024-04-22 16:03:02,391][detectron2.checkpoint.detection_checkpoint][INFO] - [DetectionCheckpointer] Loading from https://dl.fbaipublicfiles.com/detectron2/COCO-InstanceSegmentation/mask_rcnn_X_101_32x8d_FPN_3x/139653917/model_final_2d9806.pkl ...
[2024-04-22 16:03:02,654][phalp.trackers.PHALP][INFO] - Setting up Visualizer...
[2024-04-22 16:03:03,602][phalp.trackers.PHALP][INFO] - Setting up DeepSort...
[2024-04-22 16:03:03,604][phalp.trackers.PHALP][INFO] - Saving tracks at : outputs//results/poses_teste
[2024-04-22 16:04:03,066][pytorch_lightning.utilities.migration.utils][INFO] - Lightning automatically upgraded your loaded checkpoint from v1.8.1 to v2.2.2. To apply the upgrade to your files permanently, run `python -m pytorch_lightning.utilities.upgrade_checkpoint C:\Users\carlo\.cache\4DHumans\logs\train\multiruns\hmr2\0\checkpoints\epoch=35-step=1000000.ckpt`
[2024-04-22 16:04:07,787][phalp.trackers.PHALP][INFO] - Loading Predictor model...
[2024-04-22 16:04:08,264][phalp.trackers.PHALP][INFO] - Loading Detection model...
[2024-04-22 16:04:16,614][detectron2.checkpoint.detection_checkpoint][INFO] - [DetectionCheckpointer] Loading from https://dl.fbaipublicfiles.com/detectron2/ViTDet/COCO/cascade_mask_rcnn_vitdet_h/f328730692/model_final_f05665.pkl ...
[2024-04-22 16:04:20,263][detectron2.checkpoint.detection_checkpoint][INFO] - [DetectionCheckpointer] Loading from https://dl.fbaipublicfiles.com/detectron2/COCO-InstanceSegmentation/mask_rcnn_X_101_32x8d_FPN_3x/139653917/model_final_2d9806.pkl ...
[2024-04-22 16:04:20,521][phalp.trackers.PHALP][INFO] - Setting up Visualizer...
[2024-04-22 16:04:21,542][phalp.trackers.PHALP][INFO] - Setting up DeepSort...
[2024-04-22 16:04:21,545][phalp.trackers.PHALP][INFO] - Saving tracks at : outputs//results/poses_teste
[2024-04-22 16:05:28,198][pytorch_lightning.utilities.migration.utils][INFO] - Lightning automatically upgraded your loaded checkpoint from v1.8.1 to v2.2.2. To apply the upgrade to your files permanently, run `python -m pytorch_lightning.utilities.upgrade_checkpoint C:\Users\carlo\.cache\4DHumans\logs\train\multiruns\hmr2\0\checkpoints\epoch=35-step=1000000.ckpt`
[2024-04-22 16:05:32,745][phalp.trackers.PHALP][INFO] - Loading Predictor model...
[2024-04-22 16:05:33,178][phalp.trackers.PHALP][INFO] - Loading Detection model...
[2024-04-22 16:05:41,157][detectron2.checkpoint.detection_checkpoint][INFO] - [DetectionCheckpointer] Loading from https://dl.fbaipublicfiles.com/detectron2/ViTDet/COCO/cascade_mask_rcnn_vitdet_h/f328730692/model_final_f05665.pkl ...
[2024-04-22 16:05:44,633][detectron2.checkpoint.detection_checkpoint][INFO] - [DetectionCheckpointer] Loading from https://dl.fbaipublicfiles.com/detectron2/COCO-InstanceSegmentation/mask_rcnn_X_101_32x8d_FPN_3x/139653917/model_final_2d9806.pkl ...
[2024-04-22 16:05:44,891][phalp.trackers.PHALP][INFO] - Setting up Visualizer...
[2024-04-22 16:05:45,834][phalp.trackers.PHALP][INFO] - Setting up DeepSort...
[2024-04-22 16:05:45,836][phalp.trackers.PHALP][INFO] - Saving tracks at : outputs//results/poses_teste
[2024-04-22 16:06:34,494][pytorch_lightning.utilities.migration.utils][INFO] - Lightning automatically upgraded your loaded checkpoint from v1.8.1 to v2.2.2. To apply the upgrade to your files permanently, run `python -m pytorch_lightning.utilities.upgrade_checkpoint C:\Users\carlo\.cache\4DHumans\logs\train\multiruns\hmr2\0\checkpoints\epoch=35-step=1000000.ckpt`
[2024-04-22 16:06:39,099][phalp.trackers.PHALP][INFO] - Loading Predictor model...
[2024-04-22 16:06:39,543][phalp.trackers.PHALP][INFO] - Loading Detection model...
[2024-04-22 16:06:47,590][detectron2.checkpoint.detection_checkpoint][INFO] - [DetectionCheckpointer] Loading from https://dl.fbaipublicfiles.com/detectron2/ViTDet/COCO/cascade_mask_rcnn_vitdet_h/f328730692/model_final_f05665.pkl ...
[2024-04-22 16:06:51,084][detectron2.checkpoint.detection_checkpoint][INFO] - [DetectionCheckpointer] Loading from https://dl.fbaipublicfiles.com/detectron2/COCO-InstanceSegmentation/mask_rcnn_X_101_32x8d_FPN_3x/139653917/model_final_2d9806.pkl ...
[2024-04-22 16:06:51,337][phalp.trackers.PHALP][INFO] - Setting up Visualizer...
[2024-04-22 16:06:52,230][phalp.trackers.PHALP][INFO] - Setting up DeepSort...
[2024-04-22 16:06:52,233][phalp.trackers.PHALP][INFO] - Saving tracks at : outputs//results/poses_teste
[2024-04-22 16:11:24,029][pytorch_lightning.utilities.migration.utils][INFO] - Lightning automatically upgraded your loaded checkpoint from v1.8.1 to v2.2.2. To apply the upgrade to your files permanently, run `python -m pytorch_lightning.utilities.upgrade_checkpoint C:\Users\carlo\.cache\4DHumans\logs\train\multiruns\hmr2\0\checkpoints\epoch=35-step=1000000.ckpt`
[2024-04-22 16:11:28,700][phalp.trackers.PHALP][INFO] - Loading Predictor model...
[2024-04-22 16:11:29,149][phalp.trackers.PHALP][INFO] - Loading Detection model...
[2024-04-22 16:11:37,308][detectron2.checkpoint.detection_checkpoint][INFO] - [DetectionCheckpointer] Loading from https://dl.fbaipublicfiles.com/detectron2/ViTDet/COCO/cascade_mask_rcnn_vitdet_h/f328730692/model_final_f05665.pkl ...
[2024-04-22 16:11:40,769][detectron2.checkpoint.detection_checkpoint][INFO] - [DetectionCheckpointer] Loading from https://dl.fbaipublicfiles.com/detectron2/COCO-InstanceSegmentation/mask_rcnn_X_101_32x8d_FPN_3x/139653917/model_final_2d9806.pkl ...
[2024-04-22 16:11:41,032][phalp.trackers.PHALP][INFO] - Setting up Visualizer...
[2024-04-22 16:11:42,029][phalp.trackers.PHALP][INFO] - Setting up DeepSort...
[2024-04-22 16:11:42,031][phalp.trackers.PHALP][INFO] - Saving tracks at : outputs//results/poses_teste
[2024-04-22 16:12:13,828][pytorch_lightning.utilities.migration.utils][INFO] - Lightning automatically upgraded your loaded checkpoint from v1.8.1 to v2.2.2. To apply the upgrade to your files permanently, run `python -m pytorch_lightning.utilities.upgrade_checkpoint C:\Users\carlo\.cache\4DHumans\logs\train\multiruns\hmr2\0\checkpoints\epoch=35-step=1000000.ckpt`
[2024-04-22 16:12:18,459][phalp.trackers.PHALP][INFO] - Loading Predictor model...
[2024-04-22 16:12:18,886][phalp.trackers.PHALP][INFO] - Loading Detection model...
[2024-04-22 16:12:27,113][detectron2.checkpoint.detection_checkpoint][INFO] - [DetectionCheckpointer] Loading from https://dl.fbaipublicfiles.com/detectron2/ViTDet/COCO/cascade_mask_rcnn_vitdet_h/f328730692/model_final_f05665.pkl ...
[2024-04-22 16:12:30,651][detectron2.checkpoint.detection_checkpoint][INFO] - [DetectionCheckpointer] Loading from https://dl.fbaipublicfiles.com/detectron2/COCO-InstanceSegmentation/mask_rcnn_X_101_32x8d_FPN_3x/139653917/model_final_2d9806.pkl ...
[2024-04-22 16:12:30,917][phalp.trackers.PHALP][INFO] - Setting up Visualizer...
[2024-04-22 16:12:31,870][phalp.trackers.PHALP][INFO] - Setting up DeepSort...
[2024-04-22 16:12:31,876][phalp.trackers.PHALP][INFO] - Saving tracks at : outputs//results/poses_teste
[2024-04-22 16:13:55,007][pytorch_lightning.utilities.migration.utils][INFO] - Lightning automatically upgraded your loaded checkpoint from v1.8.1 to v2.2.2. To apply the upgrade to your files permanently, run `python -m pytorch_lightning.utilities.upgrade_checkpoint C:\Users\carlo\.cache\4DHumans\logs\train\multiruns\hmr2\0\checkpoints\epoch=35-step=1000000.ckpt`
[2024-04-22 16:13:59,803][phalp.trackers.PHALP][INFO] - Loading Predictor model...
[2024-04-22 16:14:00,249][phalp.trackers.PHALP][INFO] - Loading Detection model...
[2024-04-22 16:14:08,999][detectron2.checkpoint.detection_checkpoint][INFO] - [DetectionCheckpointer] Loading from https://dl.fbaipublicfiles.com/detectron2/ViTDet/COCO/cascade_mask_rcnn_vitdet_h/f328730692/model_final_f05665.pkl ...
[2024-04-22 16:14:12,708][detectron2.checkpoint.detection_checkpoint][INFO] - [DetectionCheckpointer] Loading from https://dl.fbaipublicfiles.com/detectron2/COCO-InstanceSegmentation/mask_rcnn_X_101_32x8d_FPN_3x/139653917/model_final_2d9806.pkl ...
[2024-04-22 16:14:12,973][phalp.trackers.PHALP][INFO] - Setting up Visualizer...
[2024-04-22 16:14:13,965][phalp.trackers.PHALP][INFO] - Setting up DeepSort...
[2024-04-22 16:14:13,968][phalp.trackers.PHALP][INFO] - Saving tracks at : outputs//results/poses_teste
[2024-04-22 16:15:22,597][pytorch_lightning.utilities.migration.utils][INFO] - Lightning automatically upgraded your loaded checkpoint from v1.8.1 to v2.2.2. To apply the upgrade to your files permanently, run `python -m pytorch_lightning.utilities.upgrade_checkpoint C:\Users\carlo\.cache\4DHumans\logs\train\multiruns\hmr2\0\checkpoints\epoch=35-step=1000000.ckpt`
[2024-04-22 16:15:27,329][phalp.trackers.PHALP][INFO] - Loading Predictor model...
[2024-04-22 16:15:27,762][phalp.trackers.PHALP][INFO] - Loading Detection model...
[2024-04-22 16:15:35,883][detectron2.checkpoint.detection_checkpoint][INFO] - [DetectionCheckpointer] Loading from https://dl.fbaipublicfiles.com/detectron2/ViTDet/COCO/cascade_mask_rcnn_vitdet_h/f328730692/model_final_f05665.pkl ...
[2024-04-22 16:15:39,572][detectron2.checkpoint.detection_checkpoint][INFO] - [DetectionCheckpointer] Loading from https://dl.fbaipublicfiles.com/detectron2/COCO-InstanceSegmentation/mask_rcnn_X_101_32x8d_FPN_3x/139653917/model_final_2d9806.pkl ...
[2024-04-22 16:15:39,826][phalp.trackers.PHALP][INFO] - Setting up Visualizer...
[2024-04-22 16:15:40,766][phalp.trackers.PHALP][INFO] - Setting up DeepSort...
[2024-04-22 16:15:40,769][phalp.trackers.PHALP][INFO] - Saving tracks at : outputs//results/poses_teste
[2024-04-22 16:16:41,618][pytorch_lightning.utilities.migration.utils][INFO] - Lightning automatically upgraded your loaded checkpoint from v1.8.1 to v2.2.2. To apply the upgrade to your files permanently, run `python -m pytorch_lightning.utilities.upgrade_checkpoint C:\Users\carlo\.cache\4DHumans\logs\train\multiruns\hmr2\0\checkpoints\epoch=35-step=1000000.ckpt`
[2024-04-22 16:16:46,378][phalp.trackers.PHALP][INFO] - Loading Predictor model...
[2024-04-22 16:16:46,836][phalp.trackers.PHALP][INFO] - Loading Detection model...
[2024-04-22 16:16:55,114][detectron2.checkpoint.detection_checkpoint][INFO] - [DetectionCheckpointer] Loading from https://dl.fbaipublicfiles.com/detectron2/ViTDet/COCO/cascade_mask_rcnn_vitdet_h/f328730692/model_final_f05665.pkl ...
[2024-04-22 16:16:58,594][detectron2.checkpoint.detection_checkpoint][INFO] - [DetectionCheckpointer] Loading from https://dl.fbaipublicfiles.com/detectron2/COCO-InstanceSegmentation/mask_rcnn_X_101_32x8d_FPN_3x/139653917/model_final_2d9806.pkl ...
[2024-04-22 16:16:58,857][phalp.trackers.PHALP][INFO] - Setting up Visualizer...
[2024-04-22 16:16:59,807][phalp.trackers.PHALP][INFO] - Setting up DeepSort...
[2024-04-22 16:16:59,811][phalp.trackers.PHALP][INFO] - Saving tracks at : outputs//results/poses_teste
